2019-06-23 13:11:41.580 [registrationTask1] WARN  [de.codecentric.boot.admin.client.registration.ApplicationRegistrator:88] registrationTask1cid - Failed to register application as Application [name=spring-boot-application, managementUrl=http://hfl:8092, healthUrl=http://hfl:8092/health, serviceUrl=http://hfl:8091] at spring-boot-admin ([http://localhost:8070/api/applications]): I/O error on POST request for "http://localhost:8070/api/applications": Connection refused: connect; nested exception is java.net.ConnectException: Connection refused: connect
2019-06-23 13:11:51.436 [registrationTask1] WARN  [de.codecentric.boot.admin.client.registration.ApplicationRegistrator:88] registrationTask1cid - Failed to register application as Application [name=spring-boot-application, managementUrl=http://hfl:8092, healthUrl=http://hfl:8092/health, serviceUrl=http://hfl:8091] at spring-boot-admin ([http://localhost:8070/api/applications]): I/O error on POST request for "http://localhost:8070/api/applications": Connection refused: connect; nested exception is java.net.ConnectException: Connection refused: connect
2019-06-23 13:12:01.431 [registrationTask1] WARN  [de.codecentric.boot.admin.client.registration.ApplicationRegistrator:88] registrationTask1cid - Failed to register application as Application [name=spring-boot-application, managementUrl=http://hfl:8092, healthUrl=http://hfl:8092/health, serviceUrl=http://hfl:8091] at spring-boot-admin ([http://localhost:8070/api/applications]): I/O error on POST request for "http://localhost:8070/api/applications": Connection refused: connect; nested exception is java.net.ConnectException: Connection refused: connect
2019-06-23 13:12:11.429 [registrationTask1] WARN  [de.codecentric.boot.admin.client.registration.ApplicationRegistrator:88] registrationTask1cid - Failed to register application as Application [name=spring-boot-application, managementUrl=http://hfl:8092, healthUrl=http://hfl:8092/health, serviceUrl=http://hfl:8091] at spring-boot-admin ([http://localhost:8070/api/applications]): I/O error on POST request for "http://localhost:8070/api/applications": Connection refused: connect; nested exception is java.net.ConnectException: Connection refused: connect
2019-06-23 13:12:21.430 [registrationTask1] WARN  [de.codecentric.boot.admin.client.registration.ApplicationRegistrator:88] registrationTask1cid - Failed to register application as Application [name=spring-boot-application, managementUrl=http://hfl:8092, healthUrl=http://hfl:8092/health, serviceUrl=http://hfl:8091] at spring-boot-admin ([http://localhost:8070/api/applications]): I/O error on POST request for "http://localhost:8070/api/applications": Connection refused: connect; nested exception is java.net.ConnectException: Connection refused: connect
2019-06-23 13:12:31.429 [registrationTask1] WARN  [de.codecentric.boot.admin.client.registration.ApplicationRegistrator:88] registrationTask1cid - Failed to register application as Application [name=spring-boot-application, managementUrl=http://hfl:8092, healthUrl=http://hfl:8092/health, serviceUrl=http://hfl:8091] at spring-boot-admin ([http://localhost:8070/api/applications]): I/O error on POST request for "http://localhost:8070/api/applications": Connection refused: connect; nested exception is java.net.ConnectException: Connection refused: connect
2019-06-23 13:12:41.431 [registrationTask1] WARN  [de.codecentric.boot.admin.client.registration.ApplicationRegistrator:88] registrationTask1cid - Failed to register application as Application [name=spring-boot-application, managementUrl=http://hfl:8092, healthUrl=http://hfl:8092/health, serviceUrl=http://hfl:8091] at spring-boot-admin ([http://localhost:8070/api/applications]): I/O error on POST request for "http://localhost:8070/api/applications": Connection refused: connect; nested exception is java.net.ConnectException: Connection refused: connect
2019-06-23 13:12:51.430 [registrationTask1] WARN  [de.codecentric.boot.admin.client.registration.ApplicationRegistrator:88] registrationTask1cid - Failed to register application as Application [name=spring-boot-application, managementUrl=http://hfl:8092, healthUrl=http://hfl:8092/health, serviceUrl=http://hfl:8091] at spring-boot-admin ([http://localhost:8070/api/applications]): I/O error on POST request for "http://localhost:8070/api/applications": Connection refused: connect; nested exception is java.net.ConnectException: Connection refused: connect
2019-06-23 13:12:53.488 [http-nio-8091-exec-9] ERROR [com.mooc.house.biz.service.RecommendService:49] http-nio-8091-exec-9cid - For input string: "null"
java.lang.NumberFormatException: For input string: "null"
	at java.lang.NumberFormatException.forInputString(NumberFormatException.java:65) ~[?:1.8.0_191]
	at java.lang.Long.parseLong(Long.java:589) ~[?:1.8.0_191]
	at java.lang.Long.parseLong(Long.java:631) ~[?:1.8.0_191]
	at java.util.stream.ReferencePipeline$3$1.accept(ReferencePipeline.java:193) ~[?:1.8.0_191]
	at java.util.ArrayList$Itr.forEachRemaining(ArrayList.java:899) ~[?:1.8.0_191]
	at java.util.Spliterators$IteratorSpliterator.forEachRemaining(Spliterators.java:1801) ~[?:1.8.0_191]
	at java.util.stream.AbstractPipeline.copyInto(AbstractPipeline.java:481) ~[?:1.8.0_191]
	at java.util.stream.AbstractPipeline.wrapAndCopyInto(AbstractPipeline.java:471) ~[?:1.8.0_191]
	at java.util.stream.ReduceOps$ReduceOp.evaluateSequential(ReduceOps.java:708) ~[?:1.8.0_191]
	at java.util.stream.AbstractPipeline.evaluate(AbstractPipeline.java:234) ~[?:1.8.0_191]
	at java.util.stream.ReferencePipeline.collect(ReferencePipeline.java:499) ~[?:1.8.0_191]
	at com.mooc.house.biz.service.RecommendService.getHot(RecommendService.java:46) ~[classes/:?]
	at com.mooc.house.biz.service.RecommendService.getHotHouse(RecommendService.java:57) ~[classes/:?]
	at com.mooc.house.web.controller.HouseController.houseList(HouseController.java:56) ~[classes/:?]
	at sun.reflect.NativeMethodAccessorImpl.invoke0(Native Method) ~[?:1.8.0_191]
	at sun.reflect.NativeMethodAccessorImpl.invoke(NativeMethodAccessorImpl.java:62) ~[?:1.8.0_191]
	at sun.reflect.DelegatingMethodAccessorImpl.invoke(DelegatingMethodAccessorImpl.java:43) ~[?:1.8.0_191]
	at java.lang.reflect.Method.invoke(Method.java:498) ~[?:1.8.0_191]
	at org.springframework.web.method.support.InvocableHandlerMethod.doInvoke(InvocableHandlerMethod.java:205) ~[spring-web-4.3.9.RELEASE.jar:4.3.9.RELEASE]
	at org.springframework.web.method.support.InvocableHandlerMethod.invokeForRequest(InvocableHandlerMethod.java:133) ~[spring-web-4.3.9.RELEASE.jar:4.3.9.RELEASE]
	at org.springframework.web.servlet.mvc.method.annotation.ServletInvocableHandlerMethod.invokeAndHandle(ServletInvocableHandlerMethod.java:97) ~[spring-webmvc-4.3.9.RELEASE.jar:4.3.9.RELEASE]
	at org.springframework.web.servlet.mvc.method.annotation.RequestMappingHandlerAdapter.invokeHandlerMethod(RequestMappingHandlerAdapter.java:827) ~[spring-webmvc-4.3.9.RELEASE.jar:4.3.9.RELEASE]
	at org.springframework.web.servlet.mvc.method.annotation.RequestMappingHandlerAdapter.handleInternal(RequestMappingHandlerAdapter.java:738) ~[spring-webmvc-4.3.9.RELEASE.jar:4.3.9.RELEASE]
	at org.springframework.web.servlet.mvc.method.AbstractHandlerMethodAdapter.handle(AbstractHandlerMethodAdapter.java:85) ~[spring-webmvc-4.3.9.RELEASE.jar:4.3.9.RELEASE]
	at org.springframework.web.servlet.DispatcherServlet.doDispatch(DispatcherServlet.java:967) ~[spring-webmvc-4.3.9.RELEASE.jar:4.3.9.RELEASE]
	at org.springframework.web.servlet.DispatcherServlet.doService(DispatcherServlet.java:901) ~[spring-webmvc-4.3.9.RELEASE.jar:4.3.9.RELEASE]
	at org.springframework.web.servlet.FrameworkServlet.processRequest(FrameworkServlet.java:970) ~[spring-webmvc-4.3.9.RELEASE.jar:4.3.9.RELEASE]
	at org.springframework.web.servlet.FrameworkServlet.doGet(FrameworkServlet.java:861) ~[spring-webmvc-4.3.9.RELEASE.jar:4.3.9.RELEASE]
	at javax.servlet.http.HttpServlet.service(HttpServlet.java:635) ~[tomcat-embed-core-8.5.15.jar:8.5.15]
	at org.springframework.web.servlet.FrameworkServlet.service(FrameworkServlet.java:846) ~[spring-webmvc-4.3.9.RELEASE.jar:4.3.9.RELEASE]
	at javax.servlet.http.HttpServlet.service(HttpServlet.java:742) ~[tomcat-embed-core-8.5.15.jar:8.5.15]
	at org.apache.catalina.core.ApplicationFilterChain.internalDoFilter(ApplicationFilterChain.java:231) ~[tomcat-embed-core-8.5.15.jar:8.5.15]
	at org.apache.catalina.core.ApplicationFilterChain.doFilter(ApplicationFilterChain.java:166) ~[tomcat-embed-core-8.5.15.jar:8.5.15]
	at org.apache.tomcat.websocket.server.WsFilter.doFilter(WsFilter.java:52) ~[tomcat-embed-websocket-8.5.15.jar:8.5.15]
	at org.apache.catalina.core.ApplicationFilterChain.internalDoFilter(ApplicationFilterChain.java:193) ~[tomcat-embed-core-8.5.15.jar:8.5.15]
	at org.apache.catalina.core.ApplicationFilterChain.doFilter(ApplicationFilterChain.java:166) ~[tomcat-embed-core-8.5.15.jar:8.5.15]
	at org.springframework.boot.web.filter.ApplicationContextHeaderFilter.doFilterInternal(ApplicationContextHeaderFilter.java:55) ~[spring-boot-1.4.7.RELEASE.jar:1.4.7.RELEASE]
	at org.springframework.web.filter.OncePerRequestFilter.doFilter(OncePerRequestFilter.java:107) ~[spring-web-4.3.9.RELEASE.jar:4.3.9.RELEASE]
	at org.apache.catalina.core.ApplicationFilterChain.internalDoFilter(ApplicationFilterChain.java:193) ~[tomcat-embed-core-8.5.15.jar:8.5.15]
	at org.apache.catalina.core.ApplicationFilterChain.doFilter(ApplicationFilterChain.java:166) ~[tomcat-embed-core-8.5.15.jar:8.5.15]
	at com.mooc.house.web.filter.LogFilter.doFilter(LogFilter.java:25) ~[classes/:?]
	at org.apache.catalina.core.ApplicationFilterChain.internalDoFilter(ApplicationFilterChain.java:193) ~[tomcat-embed-core-8.5.15.jar:8.5.15]
	at org.apache.catalina.core.ApplicationFilterChain.doFilter(ApplicationFilterChain.java:166) ~[tomcat-embed-core-8.5.15.jar:8.5.15]
	at org.springframework.boot.actuate.trace.WebRequestTraceFilter.doFilterInternal(WebRequestTraceFilter.java:105) ~[spring-boot-actuator-1.4.7.RELEASE.jar:1.4.7.RELEASE]
	at org.springframework.web.filter.OncePerRequestFilter.doFilter(OncePerRequestFilter.java:107) ~[spring-web-4.3.9.RELEASE.jar:4.3.9.RELEASE]
	at org.apache.catalina.core.ApplicationFilterChain.internalDoFilter(ApplicationFilterChain.java:193) ~[tomcat-embed-core-8.5.15.jar:8.5.15]
	at org.apache.catalina.core.ApplicationFilterChain.doFilter(ApplicationFilterChain.java:166) ~[tomcat-embed-core-8.5.15.jar:8.5.15]
	at org.springframework.web.filter.RequestContextFilter.doFilterInternal(RequestContextFilter.java:99) ~[spring-web-4.3.9.RELEASE.jar:4.3.9.RELEASE]
	at org.springframework.web.filter.OncePerRequestFilter.doFilter(OncePerRequestFilter.java:107) ~[spring-web-4.3.9.RELEASE.jar:4.3.9.RELEASE]
	at org.apache.catalina.core.ApplicationFilterChain.internalDoFilter(ApplicationFilterChain.java:193) ~[tomcat-embed-core-8.5.15.jar:8.5.15]
	at org.apache.catalina.core.ApplicationFilterChain.doFilter(ApplicationFilterChain.java:166) ~[tomcat-embed-core-8.5.15.jar:8.5.15]
	at org.springframework.web.filter.HttpPutFormContentFilter.doFilterInternal(HttpPutFormContentFilter.java:105) ~[spring-web-4.3.9.RELEASE.jar:4.3.9.RELEASE]
	at org.springframework.web.filter.OncePerRequestFilter.doFilter(OncePerRequestFilter.java:107) ~[spring-web-4.3.9.RELEASE.jar:4.3.9.RELEASE]
	at org.apache.catalina.core.ApplicationFilterChain.internalDoFilter(ApplicationFilterChain.java:193) ~[tomcat-embed-core-8.5.15.jar:8.5.15]
	at org.apache.catalina.core.ApplicationFilterChain.doFilter(ApplicationFilterChain.java:166) ~[tomcat-embed-core-8.5.15.jar:8.5.15]
	at org.springframework.web.filter.HiddenHttpMethodFilter.doFilterInternal(HiddenHttpMethodFilter.java:81) ~[spring-web-4.3.9.RELEASE.jar:4.3.9.RELEASE]
	at org.springframework.web.filter.OncePerRequestFilter.doFilter(OncePerRequestFilter.java:107) ~[spring-web-4.3.9.RELEASE.jar:4.3.9.RELEASE]
	at org.apache.catalina.core.ApplicationFilterChain.internalDoFilter(ApplicationFilterChain.java:193) ~[tomcat-embed-core-8.5.15.jar:8.5.15]
	at org.apache.catalina.core.ApplicationFilterChain.doFilter(ApplicationFilterChain.java:166) ~[tomcat-embed-core-8.5.15.jar:8.5.15]
	at org.springframework.web.filter.CharacterEncodingFilter.doFilterInternal(CharacterEncodingFilter.java:197) ~[spring-web-4.3.9.RELEASE.jar:4.3.9.RELEASE]
	at org.springframework.web.filter.OncePerRequestFilter.doFilter(OncePerRequestFilter.java:107) ~[spring-web-4.3.9.RELEASE.jar:4.3.9.RELEASE]
	at org.apache.catalina.core.ApplicationFilterChain.internalDoFilter(ApplicationFilterChain.java:193) ~[tomcat-embed-core-8.5.15.jar:8.5.15]
	at org.apache.catalina.core.ApplicationFilterChain.doFilter(ApplicationFilterChain.java:166) ~[tomcat-embed-core-8.5.15.jar:8.5.15]
	at org.springframework.boot.actuate.autoconfigure.MetricsFilter.doFilterInternal(MetricsFilter.java:106) ~[spring-boot-actuator-1.4.7.RELEASE.jar:1.4.7.RELEASE]
	at org.springframework.web.filter.OncePerRequestFilter.doFilter(OncePerRequestFilter.java:107) ~[spring-web-4.3.9.RELEASE.jar:4.3.9.RELEASE]
	at org.apache.catalina.core.ApplicationFilterChain.internalDoFilter(ApplicationFilterChain.java:193) ~[tomcat-embed-core-8.5.15.jar:8.5.15]
	at org.apache.catalina.core.ApplicationFilterChain.doFilter(ApplicationFilterChain.java:166) ~[tomcat-embed-core-8.5.15.jar:8.5.15]
	at org.apache.catalina.core.StandardWrapperValve.invoke(StandardWrapperValve.java:198) ~[tomcat-embed-core-8.5.15.jar:8.5.15]
	at org.apache.catalina.core.StandardContextValve.invoke(StandardContextValve.java:96) ~[tomcat-embed-core-8.5.15.jar:8.5.15]
	at org.apache.catalina.authenticator.AuthenticatorBase.invoke(AuthenticatorBase.java:478) ~[tomcat-embed-core-8.5.15.jar:8.5.15]
	at org.apache.catalina.core.StandardHostValve.invoke(StandardHostValve.java:140) ~[tomcat-embed-core-8.5.15.jar:8.5.15]
	at org.apache.catalina.valves.ErrorReportValve.invoke(ErrorReportValve.java:80) ~[tomcat-embed-core-8.5.15.jar:8.5.15]
	at org.apache.catalina.core.StandardEngineValve.invoke(StandardEngineValve.java:87) ~[tomcat-embed-core-8.5.15.jar:8.5.15]
	at org.apache.catalina.connector.CoyoteAdapter.service(CoyoteAdapter.java:342) ~[tomcat-embed-core-8.5.15.jar:8.5.15]
	at org.apache.coyote.http11.Http11Processor.service(Http11Processor.java:799) ~[tomcat-embed-core-8.5.15.jar:8.5.15]
	at org.apache.coyote.AbstractProcessorLight.process(AbstractProcessorLight.java:66) ~[tomcat-embed-core-8.5.15.jar:8.5.15]
	at org.apache.coyote.AbstractProtocol$ConnectionHandler.process(AbstractProtocol.java:861) ~[tomcat-embed-core-8.5.15.jar:8.5.15]
	at org.apache.tomcat.util.net.NioEndpoint$SocketProcessor.doRun(NioEndpoint.java:1455) ~[tomcat-embed-core-8.5.15.jar:8.5.15]
	at org.apache.tomcat.util.net.SocketProcessorBase.run(SocketProcessorBase.java:49) ~[tomcat-embed-core-8.5.15.jar:8.5.15]
	at java.util.concurrent.ThreadPoolExecutor.runWorker(ThreadPoolExecutor.java:1149) [?:1.8.0_191]
	at java.util.concurrent.ThreadPoolExecutor$Worker.run(ThreadPoolExecutor.java:624) [?:1.8.0_191]
	at org.apache.tomcat.util.threads.TaskThread$WrappingRunnable.run(TaskThread.java:61) ~[tomcat-embed-core-8.5.15.jar:8.5.15]
	at java.lang.Thread.run(Thread.java:748) [?:1.8.0_191]
2019-06-23 13:29:44.268 [registrationTask1] WARN  [de.codecentric.boot.admin.client.registration.ApplicationRegistrator:88] registrationTask1cid - Failed to register application as Application [name=spring-boot-application, managementUrl=http://hfl:8092, healthUrl=http://hfl:8092/health, serviceUrl=http://hfl:8091] at spring-boot-admin ([http://localhost:8070/api/applications]): I/O error on POST request for "http://localhost:8070/api/applications": Connection refused: connect; nested exception is java.net.ConnectException: Connection refused: connect
2019-06-23 13:29:54.192 [registrationTask1] WARN  [de.codecentric.boot.admin.client.registration.ApplicationRegistrator:88] registrationTask1cid - Failed to register application as Application [name=spring-boot-application, managementUrl=http://hfl:8092, healthUrl=http://hfl:8092/health, serviceUrl=http://hfl:8091] at spring-boot-admin ([http://localhost:8070/api/applications]): I/O error on POST request for "http://localhost:8070/api/applications": Connection refused: connect; nested exception is java.net.ConnectException: Connection refused: connect
2019-06-23 13:30:04.195 [registrationTask1] WARN  [de.codecentric.boot.admin.client.registration.ApplicationRegistrator:88] registrationTask1cid - Failed to register application as Application [name=spring-boot-application, managementUrl=http://hfl:8092, healthUrl=http://hfl:8092/health, serviceUrl=http://hfl:8091] at spring-boot-admin ([http://localhost:8070/api/applications]): I/O error on POST request for "http://localhost:8070/api/applications": Connection refused: connect; nested exception is java.net.ConnectException: Connection refused: connect
2019-06-23 13:30:14.194 [registrationTask1] WARN  [de.codecentric.boot.admin.client.registration.ApplicationRegistrator:88] registrationTask1cid - Failed to register application as Application [name=spring-boot-application, managementUrl=http://hfl:8092, healthUrl=http://hfl:8092/health, serviceUrl=http://hfl:8091] at spring-boot-admin ([http://localhost:8070/api/applications]): I/O error on POST request for "http://localhost:8070/api/applications": Connection refused: connect; nested exception is java.net.ConnectException: Connection refused: connect
2019-06-23 13:30:24.191 [registrationTask1] WARN  [de.codecentric.boot.admin.client.registration.ApplicationRegistrator:88] registrationTask1cid - Failed to register application as Application [name=spring-boot-application, managementUrl=http://hfl:8092, healthUrl=http://hfl:8092/health, serviceUrl=http://hfl:8091] at spring-boot-admin ([http://localhost:8070/api/applications]): I/O error on POST request for "http://localhost:8070/api/applications": Connection refused: connect; nested exception is java.net.ConnectException: Connection refused: connect
2019-06-23 13:30:34.194 [registrationTask1] WARN  [de.codecentric.boot.admin.client.registration.ApplicationRegistrator:88] registrationTask1cid - Failed to register application as Application [name=spring-boot-application, managementUrl=http://hfl:8092, healthUrl=http://hfl:8092/health, serviceUrl=http://hfl:8091] at spring-boot-admin ([http://localhost:8070/api/applications]): I/O error on POST request for "http://localhost:8070/api/applications": Connection refused: connect; nested exception is java.net.ConnectException: Connection refused: connect
2019-06-23 13:30:44.191 [registrationTask1] WARN  [de.codecentric.boot.admin.client.registration.ApplicationRegistrator:88] registrationTask1cid - Failed to register application as Application [name=spring-boot-application, managementUrl=http://hfl:8092, healthUrl=http://hfl:8092/health, serviceUrl=http://hfl:8091] at spring-boot-admin ([http://localhost:8070/api/applications]): I/O error on POST request for "http://localhost:8070/api/applications": Connection refused: connect; nested exception is java.net.ConnectException: Connection refused: connect
2019-06-23 13:30:54.196 [registrationTask1] WARN  [de.codecentric.boot.admin.client.registration.ApplicationRegistrator:88] registrationTask1cid - Failed to register application as Application [name=spring-boot-application, managementUrl=http://hfl:8092, healthUrl=http://hfl:8092/health, serviceUrl=http://hfl:8091] at spring-boot-admin ([http://localhost:8070/api/applications]): I/O error on POST request for "http://localhost:8070/api/applications": Connection refused: connect; nested exception is java.net.ConnectException: Connection refused: connect
2019-06-23 13:31:04.194 [registrationTask1] WARN  [de.codecentric.boot.admin.client.registration.ApplicationRegistrator:88] registrationTask1cid - Failed to register application as Application [name=spring-boot-application, managementUrl=http://hfl:8092, healthUrl=http://hfl:8092/health, serviceUrl=http://hfl:8091] at spring-boot-admin ([http://localhost:8070/api/applications]): I/O error on POST request for "http://localhost:8070/api/applications": Connection refused: connect; nested exception is java.net.ConnectException: Connection refused: connect
2019-06-23 13:31:14.192 [registrationTask1] WARN  [de.codecentric.boot.admin.client.registration.ApplicationRegistrator:88] registrationTask1cid - Failed to register application as Application [name=spring-boot-application, managementUrl=http://hfl:8092, healthUrl=http://hfl:8092/health, serviceUrl=http://hfl:8091] at spring-boot-admin ([http://localhost:8070/api/applications]): I/O error on POST request for "http://localhost:8070/api/applications": Connection refused: connect; nested exception is java.net.ConnectException: Connection refused: connect
2019-06-23 13:31:24.193 [registrationTask1] WARN  [de.codecentric.boot.admin.client.registration.ApplicationRegistrator:88] registrationTask1cid - Failed to register application as Application [name=spring-boot-application, managementUrl=http://hfl:8092, healthUrl=http://hfl:8092/health, serviceUrl=http://hfl:8091] at spring-boot-admin ([http://localhost:8070/api/applications]): I/O error on POST request for "http://localhost:8070/api/applications": Connection refused: connect; nested exception is java.net.ConnectException: Connection refused: connect
2019-06-23 13:31:34.191 [registrationTask1] WARN  [de.codecentric.boot.admin.client.registration.ApplicationRegistrator:88] registrationTask1cid - Failed to register application as Application [name=spring-boot-application, managementUrl=http://hfl:8092, healthUrl=http://hfl:8092/health, serviceUrl=http://hfl:8091] at spring-boot-admin ([http://localhost:8070/api/applications]): I/O error on POST request for "http://localhost:8070/api/applications": Connection refused: connect; nested exception is java.net.ConnectException: Connection refused: connect
2019-06-23 13:31:44.208 [registrationTask1] WARN  [de.codecentric.boot.admin.client.registration.ApplicationRegistrator:88] registrationTask1cid - Failed to register application as Application [name=spring-boot-application, managementUrl=http://hfl:8092, healthUrl=http://hfl:8092/health, serviceUrl=http://hfl:8091] at spring-boot-admin ([http://localhost:8070/api/applications]): I/O error on POST request for "http://localhost:8070/api/applications": Connection refused: connect; nested exception is java.net.ConnectException: Connection refused: connect
2019-06-23 13:31:54.189 [registrationTask1] WARN  [de.codecentric.boot.admin.client.registration.ApplicationRegistrator:88] registrationTask1cid - Failed to register application as Application [name=spring-boot-application, managementUrl=http://hfl:8092, healthUrl=http://hfl:8092/health, serviceUrl=http://hfl:8091] at spring-boot-admin ([http://localhost:8070/api/applications]): I/O error on POST request for "http://localhost:8070/api/applications": Connection refused: connect; nested exception is java.net.ConnectException: Connection refused: connect
2019-06-23 13:32:04.193 [registrationTask1] WARN  [de.codecentric.boot.admin.client.registration.ApplicationRegistrator:88] registrationTask1cid - Failed to register application as Application [name=spring-boot-application, managementUrl=http://hfl:8092, healthUrl=http://hfl:8092/health, serviceUrl=http://hfl:8091] at spring-boot-admin ([http://localhost:8070/api/applications]): I/O error on POST request for "http://localhost:8070/api/applications": Connection refused: connect; nested exception is java.net.ConnectException: Connection refused: connect
2019-06-23 13:32:14.197 [registrationTask1] WARN  [de.codecentric.boot.admin.client.registration.ApplicationRegistrator:88] registrationTask1cid - Failed to register application as Application [name=spring-boot-application, managementUrl=http://hfl:8092, healthUrl=http://hfl:8092/health, serviceUrl=http://hfl:8091] at spring-boot-admin ([http://localhost:8070/api/applications]): I/O error on POST request for "http://localhost:8070/api/applications": Connection refused: connect; nested exception is java.net.ConnectException: Connection refused: connect
2019-06-23 13:32:24.194 [registrationTask1] WARN  [de.codecentric.boot.admin.client.registration.ApplicationRegistrator:88] registrationTask1cid - Failed to register application as Application [name=spring-boot-application, managementUrl=http://hfl:8092, healthUrl=http://hfl:8092/health, serviceUrl=http://hfl:8091] at spring-boot-admin ([http://localhost:8070/api/applications]): I/O error on POST request for "http://localhost:8070/api/applications": Connection refused: connect; nested exception is java.net.ConnectException: Connection refused: connect
2019-06-23 13:32:34.192 [registrationTask1] WARN  [de.codecentric.boot.admin.client.registration.ApplicationRegistrator:88] registrationTask1cid - Failed to register application as Application [name=spring-boot-application, managementUrl=http://hfl:8092, healthUrl=http://hfl:8092/health, serviceUrl=http://hfl:8091] at spring-boot-admin ([http://localhost:8070/api/applications]): I/O error on POST request for "http://localhost:8070/api/applications": Connection refused: connect; nested exception is java.net.ConnectException: Connection refused: connect
2019-06-23 13:32:44.190 [registrationTask1] WARN  [de.codecentric.boot.admin.client.registration.ApplicationRegistrator:88] registrationTask1cid - Failed to register application as Application [name=spring-boot-application, managementUrl=http://hfl:8092, healthUrl=http://hfl:8092/health, serviceUrl=http://hfl:8091] at spring-boot-admin ([http://localhost:8070/api/applications]): I/O error on POST request for "http://localhost:8070/api/applications": Connection refused: connect; nested exception is java.net.ConnectException: Connection refused: connect
2019-06-23 13:32:54.193 [registrationTask1] WARN  [de.codecentric.boot.admin.client.registration.ApplicationRegistrator:88] registrationTask1cid - Failed to register application as Application [name=spring-boot-application, managementUrl=http://hfl:8092, healthUrl=http://hfl:8092/health, serviceUrl=http://hfl:8091] at spring-boot-admin ([http://localhost:8070/api/applications]): I/O error on POST request for "http://localhost:8070/api/applications": Connection refused: connect; nested exception is java.net.ConnectException: Connection refused: connect
2019-06-23 13:33:04.193 [registrationTask1] WARN  [de.codecentric.boot.admin.client.registration.ApplicationRegistrator:88] registrationTask1cid - Failed to register application as Application [name=spring-boot-application, managementUrl=http://hfl:8092, healthUrl=http://hfl:8092/health, serviceUrl=http://hfl:8091] at spring-boot-admin ([http://localhost:8070/api/applications]): I/O error on POST request for "http://localhost:8070/api/applications": Connection refused: connect; nested exception is java.net.ConnectException: Connection refused: connect
2019-06-23 13:33:14.198 [registrationTask1] WARN  [de.codecentric.boot.admin.client.registration.ApplicationRegistrator:88] registrationTask1cid - Failed to register application as Application [name=spring-boot-application, managementUrl=http://hfl:8092, healthUrl=http://hfl:8092/health, serviceUrl=http://hfl:8091] at spring-boot-admin ([http://localhost:8070/api/applications]): I/O error on POST request for "http://localhost:8070/api/applications": Connection refused: connect; nested exception is java.net.ConnectException: Connection refused: connect
2019-06-23 13:33:24.191 [registrationTask1] WARN  [de.codecentric.boot.admin.client.registration.ApplicationRegistrator:88] registrationTask1cid - Failed to register application as Application [name=spring-boot-application, managementUrl=http://hfl:8092, healthUrl=http://hfl:8092/health, serviceUrl=http://hfl:8091] at spring-boot-admin ([http://localhost:8070/api/applications]): I/O error on POST request for "http://localhost:8070/api/applications": Connection refused: connect; nested exception is java.net.ConnectException: Connection refused: connect
2019-06-23 13:33:34.192 [registrationTask1] WARN  [de.codecentric.boot.admin.client.registration.ApplicationRegistrator:88] registrationTask1cid - Failed to register application as Application [name=spring-boot-application, managementUrl=http://hfl:8092, healthUrl=http://hfl:8092/health, serviceUrl=http://hfl:8091] at spring-boot-admin ([http://localhost:8070/api/applications]): I/O error on POST request for "http://localhost:8070/api/applications": Connection refused: connect; nested exception is java.net.ConnectException: Connection refused: connect
2019-06-23 13:33:44.193 [registrationTask1] WARN  [de.codecentric.boot.admin.client.registration.ApplicationRegistrator:88] registrationTask1cid - Failed to register application as Application [name=spring-boot-application, managementUrl=http://hfl:8092, healthUrl=http://hfl:8092/health, serviceUrl=http://hfl:8091] at spring-boot-admin ([http://localhost:8070/api/applications]): I/O error on POST request for "http://localhost:8070/api/applications": Connection refused: connect; nested exception is java.net.ConnectException: Connection refused: connect
2019-06-23 13:33:54.196 [registrationTask1] WARN  [de.codecentric.boot.admin.client.registration.ApplicationRegistrator:88] registrationTask1cid - Failed to register application as Application [name=spring-boot-application, managementUrl=http://hfl:8092, healthUrl=http://hfl:8092/health, serviceUrl=http://hfl:8091] at spring-boot-admin ([http://localhost:8070/api/applications]): I/O error on POST request for "http://localhost:8070/api/applications": Connection refused: connect; nested exception is java.net.ConnectException: Connection refused: connect
2019-06-23 13:34:04.199 [registrationTask1] WARN  [de.codecentric.boot.admin.client.registration.ApplicationRegistrator:88] registrationTask1cid - Failed to register application as Application [name=spring-boot-application, managementUrl=http://hfl:8092, healthUrl=http://hfl:8092/health, serviceUrl=http://hfl:8091] at spring-boot-admin ([http://localhost:8070/api/applications]): I/O error on POST request for "http://localhost:8070/api/applications": Connection refused: connect; nested exception is java.net.ConnectException: Connection refused: connect
2019-06-23 13:34:14.196 [registrationTask1] WARN  [de.codecentric.boot.admin.client.registration.ApplicationRegistrator:88] registrationTask1cid - Failed to register application as Application [name=spring-boot-application, managementUrl=http://hfl:8092, healthUrl=http://hfl:8092/health, serviceUrl=http://hfl:8091] at spring-boot-admin ([http://localhost:8070/api/applications]): I/O error on POST request for "http://localhost:8070/api/applications": Connection refused: connect; nested exception is java.net.ConnectException: Connection refused: connect
2019-06-23 13:34:24.195 [registrationTask1] WARN  [de.codecentric.boot.admin.client.registration.ApplicationRegistrator:88] registrationTask1cid - Failed to register application as Application [name=spring-boot-application, managementUrl=http://hfl:8092, healthUrl=http://hfl:8092/health, serviceUrl=http://hfl:8091] at spring-boot-admin ([http://localhost:8070/api/applications]): I/O error on POST request for "http://localhost:8070/api/applications": Connection refused: connect; nested exception is java.net.ConnectException: Connection refused: connect
2019-06-23 13:34:34.193 [registrationTask1] WARN  [de.codecentric.boot.admin.client.registration.ApplicationRegistrator:88] registrationTask1cid - Failed to register application as Application [name=spring-boot-application, managementUrl=http://hfl:8092, healthUrl=http://hfl:8092/health, serviceUrl=http://hfl:8091] at spring-boot-admin ([http://localhost:8070/api/applications]): I/O error on POST request for "http://localhost:8070/api/applications": Connection refused: connect; nested exception is java.net.ConnectException: Connection refused: connect
2019-06-23 13:34:44.195 [registrationTask1] WARN  [de.codecentric.boot.admin.client.registration.ApplicationRegistrator:88] registrationTask1cid - Failed to register application as Application [name=spring-boot-application, managementUrl=http://hfl:8092, healthUrl=http://hfl:8092/health, serviceUrl=http://hfl:8091] at spring-boot-admin ([http://localhost:8070/api/applications]): I/O error on POST request for "http://localhost:8070/api/applications": Connection refused: connect; nested exception is java.net.ConnectException: Connection refused: connect
2019-06-23 13:34:54.191 [registrationTask1] WARN  [de.codecentric.boot.admin.client.registration.ApplicationRegistrator:88] registrationTask1cid - Failed to register application as Application [name=spring-boot-application, managementUrl=http://hfl:8092, healthUrl=http://hfl:8092/health, serviceUrl=http://hfl:8091] at spring-boot-admin ([http://localhost:8070/api/applications]): I/O error on POST request for "http://localhost:8070/api/applications": Connection refused: connect; nested exception is java.net.ConnectException: Connection refused: connect
2019-06-23 13:35:04.193 [registrationTask1] WARN  [de.codecentric.boot.admin.client.registration.ApplicationRegistrator:88] registrationTask1cid - Failed to register application as Application [name=spring-boot-application, managementUrl=http://hfl:8092, healthUrl=http://hfl:8092/health, serviceUrl=http://hfl:8091] at spring-boot-admin ([http://localhost:8070/api/applications]): I/O error on POST request for "http://localhost:8070/api/applications": Connection refused: connect; nested exception is java.net.ConnectException: Connection refused: connect
2019-06-23 13:35:14.195 [registrationTask1] WARN  [de.codecentric.boot.admin.client.registration.ApplicationRegistrator:88] registrationTask1cid - Failed to register application as Application [name=spring-boot-application, managementUrl=http://hfl:8092, healthUrl=http://hfl:8092/health, serviceUrl=http://hfl:8091] at spring-boot-admin ([http://localhost:8070/api/applications]): I/O error on POST request for "http://localhost:8070/api/applications": Connection refused: connect; nested exception is java.net.ConnectException: Connection refused: connect
2019-06-23 13:35:24.193 [registrationTask1] WARN  [de.codecentric.boot.admin.client.registration.ApplicationRegistrator:88] registrationTask1cid - Failed to register application as Application [name=spring-boot-application, managementUrl=http://hfl:8092, healthUrl=http://hfl:8092/health, serviceUrl=http://hfl:8091] at spring-boot-admin ([http://localhost:8070/api/applications]): I/O error on POST request for "http://localhost:8070/api/applications": Connection refused: connect; nested exception is java.net.ConnectException: Connection refused: connect
2019-06-23 13:35:34.193 [registrationTask1] WARN  [de.codecentric.boot.admin.client.registration.ApplicationRegistrator:88] registrationTask1cid - Failed to register application as Application [name=spring-boot-application, managementUrl=http://hfl:8092, healthUrl=http://hfl:8092/health, serviceUrl=http://hfl:8091] at spring-boot-admin ([http://localhost:8070/api/applications]): I/O error on POST request for "http://localhost:8070/api/applications": Connection refused: connect; nested exception is java.net.ConnectException: Connection refused: connect
2019-06-23 13:35:44.196 [registrationTask1] WARN  [de.codecentric.boot.admin.client.registration.ApplicationRegistrator:88] registrationTask1cid - Failed to register application as Application [name=spring-boot-application, managementUrl=http://hfl:8092, healthUrl=http://hfl:8092/health, serviceUrl=http://hfl:8091] at spring-boot-admin ([http://localhost:8070/api/applications]): I/O error on POST request for "http://localhost:8070/api/applications": Connection refused: connect; nested exception is java.net.ConnectException: Connection refused: connect
2019-06-23 13:35:54.194 [registrationTask1] WARN  [de.codecentric.boot.admin.client.registration.ApplicationRegistrator:88] registrationTask1cid - Failed to register application as Application [name=spring-boot-application, managementUrl=http://hfl:8092, healthUrl=http://hfl:8092/health, serviceUrl=http://hfl:8091] at spring-boot-admin ([http://localhost:8070/api/applications]): I/O error on POST request for "http://localhost:8070/api/applications": Connection refused: connect; nested exception is java.net.ConnectException: Connection refused: connect
2019-06-23 13:36:04.192 [registrationTask1] WARN  [de.codecentric.boot.admin.client.registration.ApplicationRegistrator:88] registrationTask1cid - Failed to register application as Application [name=spring-boot-application, managementUrl=http://hfl:8092, healthUrl=http://hfl:8092/health, serviceUrl=http://hfl:8091] at spring-boot-admin ([http://localhost:8070/api/applications]): I/O error on POST request for "http://localhost:8070/api/applications": Connection refused: connect; nested exception is java.net.ConnectException: Connection refused: connect
2019-06-23 13:36:14.193 [registrationTask1] WARN  [de.codecentric.boot.admin.client.registration.ApplicationRegistrator:88] registrationTask1cid - Failed to register application as Application [name=spring-boot-application, managementUrl=http://hfl:8092, healthUrl=http://hfl:8092/health, serviceUrl=http://hfl:8091] at spring-boot-admin ([http://localhost:8070/api/applications]): I/O error on POST request for "http://localhost:8070/api/applications": Connection refused: connect; nested exception is java.net.ConnectException: Connection refused: connect
2019-06-23 13:36:24.191 [registrationTask1] WARN  [de.codecentric.boot.admin.client.registration.ApplicationRegistrator:88] registrationTask1cid - Failed to register application as Application [name=spring-boot-application, managementUrl=http://hfl:8092, healthUrl=http://hfl:8092/health, serviceUrl=http://hfl:8091] at spring-boot-admin ([http://localhost:8070/api/applications]): I/O error on POST request for "http://localhost:8070/api/applications": Connection refused: connect; nested exception is java.net.ConnectException: Connection refused: connect
2019-06-23 13:36:34.189 [registrationTask1] WARN  [de.codecentric.boot.admin.client.registration.ApplicationRegistrator:88] registrationTask1cid - Failed to register application as Application [name=spring-boot-application, managementUrl=http://hfl:8092, healthUrl=http://hfl:8092/health, serviceUrl=http://hfl:8091] at spring-boot-admin ([http://localhost:8070/api/applications]): I/O error on POST request for "http://localhost:8070/api/applications": Connection refused: connect; nested exception is java.net.ConnectException: Connection refused: connect
2019-06-23 13:36:44.201 [registrationTask1] WARN  [de.codecentric.boot.admin.client.registration.ApplicationRegistrator:88] registrationTask1cid - Failed to register application as Application [name=spring-boot-application, managementUrl=http://hfl:8092, healthUrl=http://hfl:8092/health, serviceUrl=http://hfl:8091] at spring-boot-admin ([http://localhost:8070/api/applications]): I/O error on POST request for "http://localhost:8070/api/applications": Connection refused: connect; nested exception is java.net.ConnectException: Connection refused: connect
2019-06-23 13:36:54.191 [registrationTask1] WARN  [de.codecentric.boot.admin.client.registration.ApplicationRegistrator:88] registrationTask1cid - Failed to register application as Application [name=spring-boot-application, managementUrl=http://hfl:8092, healthUrl=http://hfl:8092/health, serviceUrl=http://hfl:8091] at spring-boot-admin ([http://localhost:8070/api/applications]): I/O error on POST request for "http://localhost:8070/api/applications": Connection refused: connect; nested exception is java.net.ConnectException: Connection refused: connect
2019-06-23 13:37:04.193 [registrationTask1] WARN  [de.codecentric.boot.admin.client.registration.ApplicationRegistrator:88] registrationTask1cid - Failed to register application as Application [name=spring-boot-application, managementUrl=http://hfl:8092, healthUrl=http://hfl:8092/health, serviceUrl=http://hfl:8091] at spring-boot-admin ([http://localhost:8070/api/applications]): I/O error on POST request for "http://localhost:8070/api/applications": Connection refused: connect; nested exception is java.net.ConnectException: Connection refused: connect
2019-06-23 13:37:14.194 [registrationTask1] WARN  [de.codecentric.boot.admin.client.registration.ApplicationRegistrator:88] registrationTask1cid - Failed to register application as Application [name=spring-boot-application, managementUrl=http://hfl:8092, healthUrl=http://hfl:8092/health, serviceUrl=http://hfl:8091] at spring-boot-admin ([http://localhost:8070/api/applications]): I/O error on POST request for "http://localhost:8070/api/applications": Connection refused: connect; nested exception is java.net.ConnectException: Connection refused: connect
2019-06-23 13:37:24.196 [registrationTask1] WARN  [de.codecentric.boot.admin.client.registration.ApplicationRegistrator:88] registrationTask1cid - Failed to register application as Application [name=spring-boot-application, managementUrl=http://hfl:8092, healthUrl=http://hfl:8092/health, serviceUrl=http://hfl:8091] at spring-boot-admin ([http://localhost:8070/api/applications]): I/O error on POST request for "http://localhost:8070/api/applications": Connection refused: connect; nested exception is java.net.ConnectException: Connection refused: connect
2019-06-23 13:37:34.194 [registrationTask1] WARN  [de.codecentric.boot.admin.client.registration.ApplicationRegistrator:88] registrationTask1cid - Failed to register application as Application [name=spring-boot-application, managementUrl=http://hfl:8092, healthUrl=http://hfl:8092/health, serviceUrl=http://hfl:8091] at spring-boot-admin ([http://localhost:8070/api/applications]): I/O error on POST request for "http://localhost:8070/api/applications": Connection refused: connect; nested exception is java.net.ConnectException: Connection refused: connect
2019-06-23 13:37:44.194 [registrationTask1] WARN  [de.codecentric.boot.admin.client.registration.ApplicationRegistrator:88] registrationTask1cid - Failed to register application as Application [name=spring-boot-application, managementUrl=http://hfl:8092, healthUrl=http://hfl:8092/health, serviceUrl=http://hfl:8091] at spring-boot-admin ([http://localhost:8070/api/applications]): I/O error on POST request for "http://localhost:8070/api/applications": Connection refused: connect; nested exception is java.net.ConnectException: Connection refused: connect
2019-06-23 13:37:54.193 [registrationTask1] WARN  [de.codecentric.boot.admin.client.registration.ApplicationRegistrator:88] registrationTask1cid - Failed to register application as Application [name=spring-boot-application, managementUrl=http://hfl:8092, healthUrl=http://hfl:8092/health, serviceUrl=http://hfl:8091] at spring-boot-admin ([http://localhost:8070/api/applications]): I/O error on POST request for "http://localhost:8070/api/applications": Connection refused: connect; nested exception is java.net.ConnectException: Connection refused: connect
2019-06-23 13:38:04.195 [registrationTask1] WARN  [de.codecentric.boot.admin.client.registration.ApplicationRegistrator:88] registrationTask1cid - Failed to register application as Application [name=spring-boot-application, managementUrl=http://hfl:8092, healthUrl=http://hfl:8092/health, serviceUrl=http://hfl:8091] at spring-boot-admin ([http://localhost:8070/api/applications]): I/O error on POST request for "http://localhost:8070/api/applications": Connection refused: connect; nested exception is java.net.ConnectException: Connection refused: connect
2019-06-23 13:38:14.193 [registrationTask1] WARN  [de.codecentric.boot.admin.client.registration.ApplicationRegistrator:88] registrationTask1cid - Failed to register application as Application [name=spring-boot-application, managementUrl=http://hfl:8092, healthUrl=http://hfl:8092/health, serviceUrl=http://hfl:8091] at spring-boot-admin ([http://localhost:8070/api/applications]): I/O error on POST request for "http://localhost:8070/api/applications": Connection refused: connect; nested exception is java.net.ConnectException: Connection refused: connect
2019-06-23 13:38:24.193 [registrationTask1] WARN  [de.codecentric.boot.admin.client.registration.ApplicationRegistrator:88] registrationTask1cid - Failed to register application as Application [name=spring-boot-application, managementUrl=http://hfl:8092, healthUrl=http://hfl:8092/health, serviceUrl=http://hfl:8091] at spring-boot-admin ([http://localhost:8070/api/applications]): I/O error on POST request for "http://localhost:8070/api/applications": Connection refused: connect; nested exception is java.net.ConnectException: Connection refused: connect
2019-06-23 13:38:34.193 [registrationTask1] WARN  [de.codecentric.boot.admin.client.registration.ApplicationRegistrator:88] registrationTask1cid - Failed to register application as Application [name=spring-boot-application, managementUrl=http://hfl:8092, healthUrl=http://hfl:8092/health, serviceUrl=http://hfl:8091] at spring-boot-admin ([http://localhost:8070/api/applications]): I/O error on POST request for "http://localhost:8070/api/applications": Connection refused: connect; nested exception is java.net.ConnectException: Connection refused: connect
2019-06-23 13:38:44.195 [registrationTask1] WARN  [de.codecentric.boot.admin.client.registration.ApplicationRegistrator:88] registrationTask1cid - Failed to register application as Application [name=spring-boot-application, managementUrl=http://hfl:8092, healthUrl=http://hfl:8092/health, serviceUrl=http://hfl:8091] at spring-boot-admin ([http://localhost:8070/api/applications]): I/O error on POST request for "http://localhost:8070/api/applications": Connection refused: connect; nested exception is java.net.ConnectException: Connection refused: connect
2019-06-23 13:38:54.193 [registrationTask1] WARN  [de.codecentric.boot.admin.client.registration.ApplicationRegistrator:88] registrationTask1cid - Failed to register application as Application [name=spring-boot-application, managementUrl=http://hfl:8092, healthUrl=http://hfl:8092/health, serviceUrl=http://hfl:8091] at spring-boot-admin ([http://localhost:8070/api/applications]): I/O error on POST request for "http://localhost:8070/api/applications": Connection refused: connect; nested exception is java.net.ConnectException: Connection refused: connect
2019-06-23 13:39:04.194 [registrationTask1] WARN  [de.codecentric.boot.admin.client.registration.ApplicationRegistrator:88] registrationTask1cid - Failed to register application as Application [name=spring-boot-application, managementUrl=http://hfl:8092, healthUrl=http://hfl:8092/health, serviceUrl=http://hfl:8091] at spring-boot-admin ([http://localhost:8070/api/applications]): I/O error on POST request for "http://localhost:8070/api/applications": Connection refused: connect; nested exception is java.net.ConnectException: Connection refused: connect
2019-06-23 13:39:14.191 [registrationTask1] WARN  [de.codecentric.boot.admin.client.registration.ApplicationRegistrator:88] registrationTask1cid - Failed to register application as Application [name=spring-boot-application, managementUrl=http://hfl:8092, healthUrl=http://hfl:8092/health, serviceUrl=http://hfl:8091] at spring-boot-admin ([http://localhost:8070/api/applications]): I/O error on POST request for "http://localhost:8070/api/applications": Connection refused: connect; nested exception is java.net.ConnectException: Connection refused: connect
2019-06-23 13:39:24.191 [registrationTask1] WARN  [de.codecentric.boot.admin.client.registration.ApplicationRegistrator:88] registrationTask1cid - Failed to register application as Application [name=spring-boot-application, managementUrl=http://hfl:8092, healthUrl=http://hfl:8092/health, serviceUrl=http://hfl:8091] at spring-boot-admin ([http://localhost:8070/api/applications]): I/O error on POST request for "http://localhost:8070/api/applications": Connection refused: connect; nested exception is java.net.ConnectException: Connection refused: connect
2019-06-23 13:39:34.190 [registrationTask1] WARN  [de.codecentric.boot.admin.client.registration.ApplicationRegistrator:88] registrationTask1cid - Failed to register application as Application [name=spring-boot-application, managementUrl=http://hfl:8092, healthUrl=http://hfl:8092/health, serviceUrl=http://hfl:8091] at spring-boot-admin ([http://localhost:8070/api/applications]): I/O error on POST request for "http://localhost:8070/api/applications": Connection refused: connect; nested exception is java.net.ConnectException: Connection refused: connect
2019-06-23 13:39:44.193 [registrationTask1] WARN  [de.codecentric.boot.admin.client.registration.ApplicationRegistrator:88] registrationTask1cid - Failed to register application as Application [name=spring-boot-application, managementUrl=http://hfl:8092, healthUrl=http://hfl:8092/health, serviceUrl=http://hfl:8091] at spring-boot-admin ([http://localhost:8070/api/applications]): I/O error on POST request for "http://localhost:8070/api/applications": Connection refused: connect; nested exception is java.net.ConnectException: Connection refused: connect
2019-06-23 13:39:54.191 [registrationTask1] WARN  [de.codecentric.boot.admin.client.registration.ApplicationRegistrator:88] registrationTask1cid - Failed to register application as Application [name=spring-boot-application, managementUrl=http://hfl:8092, healthUrl=http://hfl:8092/health, serviceUrl=http://hfl:8091] at spring-boot-admin ([http://localhost:8070/api/applications]): I/O error on POST request for "http://localhost:8070/api/applications": Connection refused: connect; nested exception is java.net.ConnectException: Connection refused: connect
2019-06-23 13:40:04.191 [registrationTask1] WARN  [de.codecentric.boot.admin.client.registration.ApplicationRegistrator:88] registrationTask1cid - Failed to register application as Application [name=spring-boot-application, managementUrl=http://hfl:8092, healthUrl=http://hfl:8092/health, serviceUrl=http://hfl:8091] at spring-boot-admin ([http://localhost:8070/api/applications]): I/O error on POST request for "http://localhost:8070/api/applications": Connection refused: connect; nested exception is java.net.ConnectException: Connection refused: connect
2019-06-23 13:40:14.191 [registrationTask1] WARN  [de.codecentric.boot.admin.client.registration.ApplicationRegistrator:88] registrationTask1cid - Failed to register application as Application [name=spring-boot-application, managementUrl=http://hfl:8092, healthUrl=http://hfl:8092/health, serviceUrl=http://hfl:8091] at spring-boot-admin ([http://localhost:8070/api/applications]): I/O error on POST request for "http://localhost:8070/api/applications": Connection refused: connect; nested exception is java.net.ConnectException: Connection refused: connect
2019-06-23 13:40:24.190 [registrationTask1] WARN  [de.codecentric.boot.admin.client.registration.ApplicationRegistrator:88] registrationTask1cid - Failed to register application as Application [name=spring-boot-application, managementUrl=http://hfl:8092, healthUrl=http://hfl:8092/health, serviceUrl=http://hfl:8091] at spring-boot-admin ([http://localhost:8070/api/applications]): I/O error on POST request for "http://localhost:8070/api/applications": Connection refused: connect; nested exception is java.net.ConnectException: Connection refused: connect
2019-06-23 13:40:34.190 [registrationTask1] WARN  [de.codecentric.boot.admin.client.registration.ApplicationRegistrator:88] registrationTask1cid - Failed to register application as Application [name=spring-boot-application, managementUrl=http://hfl:8092, healthUrl=http://hfl:8092/health, serviceUrl=http://hfl:8091] at spring-boot-admin ([http://localhost:8070/api/applications]): I/O error on POST request for "http://localhost:8070/api/applications": Connection refused: connect; nested exception is java.net.ConnectException: Connection refused: connect
2019-06-23 13:40:44.191 [registrationTask1] WARN  [de.codecentric.boot.admin.client.registration.ApplicationRegistrator:88] registrationTask1cid - Failed to register application as Application [name=spring-boot-application, managementUrl=http://hfl:8092, healthUrl=http://hfl:8092/health, serviceUrl=http://hfl:8091] at spring-boot-admin ([http://localhost:8070/api/applications]): I/O error on POST request for "http://localhost:8070/api/applications": Connection refused: connect; nested exception is java.net.ConnectException: Connection refused: connect
2019-06-23 13:40:54.191 [registrationTask1] WARN  [de.codecentric.boot.admin.client.registration.ApplicationRegistrator:88] registrationTask1cid - Failed to register application as Application [name=spring-boot-application, managementUrl=http://hfl:8092, healthUrl=http://hfl:8092/health, serviceUrl=http://hfl:8091] at spring-boot-admin ([http://localhost:8070/api/applications]): I/O error on POST request for "http://localhost:8070/api/applications": Connection refused: connect; nested exception is java.net.ConnectException: Connection refused: connect
2019-06-23 13:41:04.193 [registrationTask1] WARN  [de.codecentric.boot.admin.client.registration.ApplicationRegistrator:88] registrationTask1cid - Failed to register application as Application [name=spring-boot-application, managementUrl=http://hfl:8092, healthUrl=http://hfl:8092/health, serviceUrl=http://hfl:8091] at spring-boot-admin ([http://localhost:8070/api/applications]): I/O error on POST request for "http://localhost:8070/api/applications": Connection refused: connect; nested exception is java.net.ConnectException: Connection refused: connect
2019-06-23 13:41:14.191 [registrationTask1] WARN  [de.codecentric.boot.admin.client.registration.ApplicationRegistrator:88] registrationTask1cid - Failed to register application as Application [name=spring-boot-application, managementUrl=http://hfl:8092, healthUrl=http://hfl:8092/health, serviceUrl=http://hfl:8091] at spring-boot-admin ([http://localhost:8070/api/applications]): I/O error on POST request for "http://localhost:8070/api/applications": Connection refused: connect; nested exception is java.net.ConnectException: Connection refused: connect
2019-06-23 13:41:24.193 [registrationTask1] WARN  [de.codecentric.boot.admin.client.registration.ApplicationRegistrator:88] registrationTask1cid - Failed to register application as Application [name=spring-boot-application, managementUrl=http://hfl:8092, healthUrl=http://hfl:8092/health, serviceUrl=http://hfl:8091] at spring-boot-admin ([http://localhost:8070/api/applications]): I/O error on POST request for "http://localhost:8070/api/applications": Connection refused: connect; nested exception is java.net.ConnectException: Connection refused: connect
2019-06-23 13:41:34.190 [registrationTask1] WARN  [de.codecentric.boot.admin.client.registration.ApplicationRegistrator:88] registrationTask1cid - Failed to register application as Application [name=spring-boot-application, managementUrl=http://hfl:8092, healthUrl=http://hfl:8092/health, serviceUrl=http://hfl:8091] at spring-boot-admin ([http://localhost:8070/api/applications]): I/O error on POST request for "http://localhost:8070/api/applications": Connection refused: connect; nested exception is java.net.ConnectException: Connection refused: connect
2019-06-23 13:41:44.192 [registrationTask1] WARN  [de.codecentric.boot.admin.client.registration.ApplicationRegistrator:88] registrationTask1cid - Failed to register application as Application [name=spring-boot-application, managementUrl=http://hfl:8092, healthUrl=http://hfl:8092/health, serviceUrl=http://hfl:8091] at spring-boot-admin ([http://localhost:8070/api/applications]): I/O error on POST request for "http://localhost:8070/api/applications": Connection refused: connect; nested exception is java.net.ConnectException: Connection refused: connect
2019-06-23 13:41:54.190 [registrationTask1] WARN  [de.codecentric.boot.admin.client.registration.ApplicationRegistrator:88] registrationTask1cid - Failed to register application as Application [name=spring-boot-application, managementUrl=http://hfl:8092, healthUrl=http://hfl:8092/health, serviceUrl=http://hfl:8091] at spring-boot-admin ([http://localhost:8070/api/applications]): I/O error on POST request for "http://localhost:8070/api/applications": Connection refused: connect; nested exception is java.net.ConnectException: Connection refused: connect
2019-06-23 13:42:04.190 [registrationTask1] WARN  [de.codecentric.boot.admin.client.registration.ApplicationRegistrator:88] registrationTask1cid - Failed to register application as Application [name=spring-boot-application, managementUrl=http://hfl:8092, healthUrl=http://hfl:8092/health, serviceUrl=http://hfl:8091] at spring-boot-admin ([http://localhost:8070/api/applications]): I/O error on POST request for "http://localhost:8070/api/applications": Connection refused: connect; nested exception is java.net.ConnectException: Connection refused: connect
2019-06-23 13:42:14.191 [registrationTask1] WARN  [de.codecentric.boot.admin.client.registration.ApplicationRegistrator:88] registrationTask1cid - Failed to register application as Application [name=spring-boot-application, managementUrl=http://hfl:8092, healthUrl=http://hfl:8092/health, serviceUrl=http://hfl:8091] at spring-boot-admin ([http://localhost:8070/api/applications]): I/O error on POST request for "http://localhost:8070/api/applications": Connection refused: connect; nested exception is java.net.ConnectException: Connection refused: connect
2019-06-23 13:42:24.190 [registrationTask1] WARN  [de.codecentric.boot.admin.client.registration.ApplicationRegistrator:88] registrationTask1cid - Failed to register application as Application [name=spring-boot-application, managementUrl=http://hfl:8092, healthUrl=http://hfl:8092/health, serviceUrl=http://hfl:8091] at spring-boot-admin ([http://localhost:8070/api/applications]): I/O error on POST request for "http://localhost:8070/api/applications": Connection refused: connect; nested exception is java.net.ConnectException: Connection refused: connect
2019-06-23 13:42:34.192 [registrationTask1] WARN  [de.codecentric.boot.admin.client.registration.ApplicationRegistrator:88] registrationTask1cid - Failed to register application as Application [name=spring-boot-application, managementUrl=http://hfl:8092, healthUrl=http://hfl:8092/health, serviceUrl=http://hfl:8091] at spring-boot-admin ([http://localhost:8070/api/applications]): I/O error on POST request for "http://localhost:8070/api/applications": Connection refused: connect; nested exception is java.net.ConnectException: Connection refused: connect
2019-06-23 13:42:44.191 [registrationTask1] WARN  [de.codecentric.boot.admin.client.registration.ApplicationRegistrator:88] registrationTask1cid - Failed to register application as Application [name=spring-boot-application, managementUrl=http://hfl:8092, healthUrl=http://hfl:8092/health, serviceUrl=http://hfl:8091] at spring-boot-admin ([http://localhost:8070/api/applications]): I/O error on POST request for "http://localhost:8070/api/applications": Connection refused: connect; nested exception is java.net.ConnectException: Connection refused: connect
2019-06-23 13:42:54.191 [registrationTask1] WARN  [de.codecentric.boot.admin.client.registration.ApplicationRegistrator:88] registrationTask1cid - Failed to register application as Application [name=spring-boot-application, managementUrl=http://hfl:8092, healthUrl=http://hfl:8092/health, serviceUrl=http://hfl:8091] at spring-boot-admin ([http://localhost:8070/api/applications]): I/O error on POST request for "http://localhost:8070/api/applications": Connection refused: connect; nested exception is java.net.ConnectException: Connection refused: connect
